1751222348.082641 client started (8524): version 3.5a, socket /private/tmp/tmux-501/default, protocol 8
1751222348.082746 on Darwin 24.5.0 Darwin Kernel Version 24.5.0: Tue Apr 22 19:54:43 PDT 2025; root:xnu-11417.121.6~2/RELEASE_ARM64_T8132
1751222348.082758 using libevent 2.1.12-stable select
1751222348.083148 using utf8proc 2.10.0
1751222348.083166 using ncurses 6.5 20240427
1751222348.083200 flags are 0x10010000
1751222348.083210 socket is /private/tmp/tmux-501/default
1751222348.083229 trying connect
1751222348.083292 add peer 0x148008000: 6 (0x0)
1751222348.085032 sending message 111 to peer 0x148008000 (8 bytes)
1751222348.085061 sending message 111 to peer 0x148008000 (8 bytes)
1751222348.085068 sending message 101 to peer 0x148008000 (14 bytes)
1751222348.085073 sending message 109 to peer 0x148008000 (4 bytes)
1751222348.085078 sending message 102 to peer 0x148008000 (13 bytes)
1751222348.085084 sending message 108 to peer 0x148008000 (20 bytes)
1751222348.085090 sending message 112 to peer 0x148008000 (70 bytes)
1751222348.085095 sending message 112 to peer 0x148008000 (5 bytes)
1751222348.085100 sending message 112 to peer 0x148008000 (5 bytes)
1751222348.085105 sending message 112 to peer 0x148008000 (6 bytes)
1751222348.085110 sending message 112 to peer 0x148008000 (6 bytes)
1751222348.085114 sending message 112 to peer 0x148008000 (11 bytes)
1751222348.085119 sending message 112 to peer 0x148008000 (10 bytes)
1751222348.085124 sending message 112 to peer 0x148008000 (13 bytes)
1751222348.085129 sending message 112 to peer 0x148008000 (13 bytes)
1751222348.085134 sending message 112 to peer 0x148008000 (18 bytes)
1751222348.085138 sending message 112 to peer 0x148008000 (11 bytes)
1751222348.085143 sending message 112 to peer 0x148008000 (10 bytes)
1751222348.085148 sending message 112 to peer 0x148008000 (15 bytes)
1751222348.085153 sending message 112 to peer 0x148008000 (21 bytes)
1751222348.085157 sending message 112 to peer 0x148008000 (13 bytes)
1751222348.085162 sending message 112 to peer 0x148008000 (7 bytes)
1751222348.085167 sending message 112 to peer 0x148008000 (13 bytes)
1751222348.085172 sending message 112 to peer 0x148008000 (7 bytes)
1751222348.085177 sending message 112 to peer 0x148008000 (13 bytes)
1751222348.085182 sending message 112 to peer 0x148008000 (9 bytes)
1751222348.085187 sending message 112 to peer 0x148008000 (21 bytes)
1751222348.085191 sending message 112 to peer 0x148008000 (13 bytes)
1751222348.085197 sending message 112 to peer 0x148008000 (8 bytes)
1751222348.085201 sending message 112 to peer 0x148008000 (12 bytes)
1751222348.085206 sending message 112 to peer 0x148008000 (13 bytes)
1751222348.085211 sending message 112 to peer 0x148008000 (9 bytes)
1751222348.085216 sending message 112 to peer 0x148008000 (9 bytes)
1751222348.085220 sending message 112 to peer 0x148008000 (12 bytes)
1751222348.085225 sending message 112 to peer 0x148008000 (8 bytes)
1751222348.085230 sending message 112 to peer 0x148008000 (8 bytes)
1751222348.085235 sending message 112 to peer 0x148008000 (7 bytes)
1751222348.085240 sending message 112 to peer 0x148008000 (7 bytes)
1751222348.085244 sending message 112 to peer 0x148008000 (9 bytes)
1751222348.085249 sending message 112 to peer 0x148008000 (13 bytes)
1751222348.085254 sending message 112 to peer 0x148008000 (6 bytes)
1751222348.085259 sending message 112 to peer 0x148008000 (9 bytes)
1751222348.085264 sending message 112 to peer 0x148008000 (15 bytes)
1751222348.085269 sending message 112 to peer 0x148008000 (13 bytes)
1751222348.085274 sending message 112 to peer 0x148008000 (12 bytes)
1751222348.085279 sending message 112 to peer 0x148008000 (8 bytes)
1751222348.085283 sending message 112 to peer 0x148008000 (14 bytes)
1751222348.085288 sending message 112 to peer 0x148008000 (11 bytes)
1751222348.085293 sending message 112 to peer 0x148008000 (9 bytes)
1751222348.085298 sending message 112 to peer 0x148008000 (10 bytes)
1751222348.085303 sending message 112 to peer 0x148008000 (10 bytes)
1751222348.085308 sending message 112 to peer 0x148008000 (10 bytes)
1751222348.085327 sending message 112 to peer 0x148008000 (10 bytes)
1751222348.085331 sending message 112 to peer 0x148008000 (11 bytes)
1751222348.085334 sending message 112 to peer 0x148008000 (12 bytes)
1751222348.085338 sending message 112 to peer 0x148008000 (12 bytes)
1751222348.085342 sending message 112 to peer 0x148008000 (12 bytes)
1751222348.085345 sending message 112 to peer 0x148008000 (12 bytes)
1751222348.085349 sending message 112 to peer 0x148008000 (12 bytes)
1751222348.085353 sending message 112 to peer 0x148008000 (11 bytes)
1751222348.085357 sending message 112 to peer 0x148008000 (11 bytes)
1751222348.085360 sending message 112 to peer 0x148008000 (12 bytes)
1751222348.085364 sending message 112 to peer 0x148008000 (12 bytes)
1751222348.085368 sending message 112 to peer 0x148008000 (12 bytes)
1751222348.085372 sending message 112 to peer 0x148008000 (12 bytes)
1751222348.085376 sending message 112 to peer 0x148008000 (12 bytes)
1751222348.085379 sending message 112 to peer 0x148008000 (10 bytes)
1751222348.085383 sending message 112 to peer 0x148008000 (12 bytes)
1751222348.085387 sending message 112 to peer 0x148008000 (13 bytes)
1751222348.085391 sending message 112 to peer 0x148008000 (13 bytes)
1751222348.085394 sending message 112 to peer 0x148008000 (13 bytes)
1751222348.085398 sending message 112 to peer 0x148008000 (13 bytes)
1751222348.085402 sending message 112 to peer 0x148008000 (13 bytes)
1751222348.085406 sending message 112 to peer 0x148008000 (8 bytes)
1751222348.085409 sending message 112 to peer 0x148008000 (11 bytes)
1751222348.085414 sending message 112 to peer 0x148008000 (11 bytes)
1751222348.085418 sending message 112 to peer 0x148008000 (11 bytes)
1751222348.085422 sending message 112 to peer 0x148008000 (12 bytes)
1751222348.085426 sending message 112 to peer 0x148008000 (12 bytes)
1751222348.085430 sending message 112 to peer 0x148008000 (12 bytes)
1751222348.085434 sending message 112 to peer 0x148008000 (12 bytes)
1751222348.085437 sending message 112 to peer 0x148008000 (13 bytes)
1751222348.085441 sending message 112 to peer 0x148008000 (13 bytes)
1751222348.085445 sending message 112 to peer 0x148008000 (13 bytes)
1751222348.085449 sending message 112 to peer 0x148008000 (8 bytes)
1751222348.085452 sending message 112 to peer 0x148008000 (13 bytes)
1751222348.085456 sending message 112 to peer 0x148008000 (13 bytes)
1751222348.085459 sending message 112 to peer 0x148008000 (13 bytes)
1751222348.085463 sending message 112 to peer 0x148008000 (13 bytes)
1751222348.085467 sending message 112 to peer 0x148008000 (13 bytes)
1751222348.085471 sending message 112 to peer 0x148008000 (12 bytes)
1751222348.085475 sending message 112 to peer 0x148008000 (12 bytes)
1751222348.085480 sending message 112 to peer 0x148008000 (12 bytes)
1751222348.085483 sending message 112 to peer 0x148008000 (12 bytes)
1751222348.085487 sending message 112 to peer 0x148008000 (13 bytes)
1751222348.085490 sending message 112 to peer 0x148008000 (8 bytes)
1751222348.085494 sending message 112 to peer 0x148008000 (13 bytes)
1751222348.085498 sending message 112 to peer 0x148008000 (13 bytes)
1751222348.085501 sending message 112 to peer 0x148008000 (13 bytes)
1751222348.085506 sending message 112 to peer 0x148008000 (13 bytes)
1751222348.085510 sending message 112 to peer 0x148008000 (13 bytes)
1751222348.085513 sending message 112 to peer 0x148008000 (13 bytes)
1751222348.085517 sending message 112 to peer 0x148008000 (13 bytes)
1751222348.085520 sending message 112 to peer 0x148008000 (12 bytes)
1751222348.085524 sending message 112 to peer 0x148008000 (12 bytes)
1751222348.085527 sending message 112 to peer 0x148008000 (12 bytes)
1751222348.085531 sending message 112 to peer 0x148008000 (8 bytes)
1751222348.085535 sending message 112 to peer 0x148008000 (12 bytes)
1751222348.085539 sending message 112 to peer 0x148008000 (13 bytes)
1751222348.085542 sending message 112 to peer 0x148008000 (13 bytes)
1751222348.085545 sending message 112 to peer 0x148008000 (13 bytes)
1751222348.085549 sending message 112 to peer 0x148008000 (13 bytes)
1751222348.085560 sending message 112 to peer 0x148008000 (13 bytes)
1751222348.085563 sending message 112 to peer 0x148008000 (13 bytes)
1751222348.085567 sending message 112 to peer 0x148008000 (13 bytes)
1751222348.085570 sending message 112 to peer 0x148008000 (13 bytes)
1751222348.085574 sending message 112 to peer 0x148008000 (12 bytes)
1751222348.085577 sending message 112 to peer 0x148008000 (10 bytes)
1751222348.085581 sending message 112 to peer 0x148008000 (12 bytes)
1751222348.085584 sending message 112 to peer 0x148008000 (12 bytes)
1751222348.085589 sending message 112 to peer 0x148008000 (12 bytes)
1751222348.085592 sending message 112 to peer 0x148008000 (13 bytes)
1751222348.085596 sending message 112 to peer 0x148008000 (13 bytes)
1751222348.085600 sending message 112 to peer 0x148008000 (13 bytes)
1751222348.085603 sending message 112 to peer 0x148008000 (13 bytes)
1751222348.085607 sending message 112 to peer 0x148008000 (13 bytes)
1751222348.085610 sending message 112 to peer 0x148008000 (13 bytes)
1751222348.085614 sending message 112 to peer 0x148008000 (13 bytes)
1751222348.085618 sending message 112 to peer 0x148008000 (10 bytes)
1751222348.085621 sending message 112 to peer 0x148008000 (13 bytes)
1751222348.085625 sending message 112 to peer 0x148008000 (12 bytes)
1751222348.085629 sending message 112 to peer 0x148008000 (12 bytes)
1751222348.085633 sending message 112 to peer 0x148008000 (12 bytes)
1751222348.085636 sending message 112 to peer 0x148008000 (10 bytes)
1751222348.085657 sending message 112 to peer 0x148008000 (10 bytes)
1751222348.085661 sending message 112 to peer 0x148008000 (10 bytes)
1751222348.085665 sending message 112 to peer 0x148008000 (12 bytes)
1751222348.085669 sending message 112 to peer 0x148008000 (13 bytes)
1751222348.085672 sending message 112 to peer 0x148008000 (13 bytes)
1751222348.085675 sending message 112 to peer 0x148008000 (13 bytes)
1751222348.085679 sending message 112 to peer 0x148008000 (13 bytes)
1751222348.085682 sending message 112 to peer 0x148008000 (13 bytes)
1751222348.085686 sending message 112 to peer 0x148008000 (11 bytes)
1751222348.085690 sending message 112 to peer 0x148008000 (11 bytes)
1751222348.085694 sending message 112 to peer 0x148008000 (12 bytes)
1751222348.085697 sending message 112 to peer 0x148008000 (12 bytes)
1751222348.085701 sending message 112 to peer 0x148008000 (12 bytes)
1751222348.085704 sending message 112 to peer 0x148008000 (12 bytes)
1751222348.085708 sending message 112 to peer 0x148008000 (12 bytes)
1751222348.085712 sending message 112 to peer 0x148008000 (11 bytes)
1751222348.085716 sending message 112 to peer 0x148008000 (12 bytes)
1751222348.085719 sending message 112 to peer 0x148008000 (12 bytes)
1751222348.085723 sending message 112 to peer 0x148008000 (13 bytes)
1751222348.085726 sending message 112 to peer 0x148008000 (13 bytes)
1751222348.085730 sending message 112 to peer 0x148008000 (13 bytes)
1751222348.085733 sending message 112 to peer 0x148008000 (13 bytes)
1751222348.085737 sending message 112 to peer 0x148008000 (13 bytes)
1751222348.085740 sending message 112 to peer 0x148008000 (10 bytes)
1751222348.085744 sending message 112 to peer 0x148008000 (9 bytes)
1751222348.085748 sending message 112 to peer 0x148008000 (12 bytes)
1751222348.085752 sending message 112 to peer 0x148008000 (13 bytes)
1751222348.085755 sending message 112 to peer 0x148008000 (13 bytes)
1751222348.085759 sending message 112 to peer 0x148008000 (13 bytes)
1751222348.085763 sending message 112 to peer 0x148008000 (13 bytes)
1751222348.085766 sending message 112 to peer 0x148008000 (13 bytes)
1751222348.085770 sending message 112 to peer 0x148008000 (9 bytes)
1751222348.085773 sending message 112 to peer 0x148008000 (12 bytes)
1751222348.085777 sending message 112 to peer 0x148008000 (13 bytes)
1751222348.085781 sending message 112 to peer 0x148008000 (13 bytes)
1751222348.085784 sending message 112 to peer 0x148008000 (13 bytes)
1751222348.085787 sending message 112 to peer 0x148008000 (13 bytes)
1751222348.085796 sending message 112 to peer 0x148008000 (13 bytes)
1751222348.085800 sending message 112 to peer 0x148008000 (11 bytes)
1751222348.085803 sending message 112 to peer 0x148008000 (12 bytes)
1751222348.085807 sending message 112 to peer 0x148008000 (13 bytes)
1751222348.085811 sending message 112 to peer 0x148008000 (13 bytes)
1751222348.085815 sending message 112 to peer 0x148008000 (13 bytes)
1751222348.085819 sending message 112 to peer 0x148008000 (13 bytes)
1751222348.085823 sending message 112 to peer 0x148008000 (13 bytes)
1751222348.085826 sending message 112 to peer 0x148008000 (11 bytes)
1751222348.085831 sending message 112 to peer 0x148008000 (12 bytes)
1751222348.085834 sending message 112 to peer 0x148008000 (12 bytes)
1751222348.085839 sending message 112 to peer 0x148008000 (12 bytes)
1751222348.085842 sending message 112 to peer 0x148008000 (12 bytes)
1751222348.085847 sending message 112 to peer 0x148008000 (12 bytes)
1751222348.085851 sending message 112 to peer 0x148008000 (21 bytes)
1751222348.085855 sending message 112 to peer 0x148008000 (12 bytes)
1751222348.085859 sending message 112 to peer 0x148008000 (9 bytes)
1751222348.085863 sending message 112 to peer 0x148008000 (6 bytes)
1751222348.085867 sending message 112 to peer 0x148008000 (13 bytes)
1751222348.085871 sending message 112 to peer 0x148008000 (8 bytes)
1751222348.085874 sending message 112 to peer 0x148008000 (15 bytes)
1751222348.085878 sending message 112 to peer 0x148008000 (13 bytes)
1751222348.085889 sending message 112 to peer 0x148008000 (9 bytes)
1751222348.085893 sending message 112 to peer 0x148008000 (70 bytes)
1751222348.085897 sending message 112 to peer 0x148008000 (69 bytes)
1751222348.085900 sending message 112 to peer 0x148008000 (10 bytes)
1751222348.085904 sending message 112 to peer 0x148008000 (10 bytes)
1751222348.085907 sending message 112 to peer 0x148008000 (8 bytes)
1751222348.085911 sending message 112 to peer 0x148008000 (15 bytes)
1751222348.085915 sending message 112 to peer 0x148008000 (13 bytes)
1751222348.085918 sending message 112 to peer 0x148008000 (10 bytes)
1751222348.085922 sending message 112 to peer 0x148008000 (10 bytes)
1751222348.085925 sending message 112 to peer 0x148008000 (17 bytes)
1751222348.085929 sending message 112 to peer 0x148008000 (10 bytes)
1751222348.085932 sending message 112 to peer 0x148008000 (13 bytes)
1751222348.085936 sending message 112 to peer 0x148008000 (9 bytes)
1751222348.085940 sending message 112 to peer 0x148008000 (5 bytes)
1751222348.085944 sending message 112 to peer 0x148008000 (15 bytes)
1751222348.085949 sending message 104 to peer 0x148008000 (0 bytes)
1751222348.085954 sending message 110 to peer 0x148008000 (0 bytes)
1751222348.085958 sending message 107 to peer 0x148008000 (4 bytes)
1751222348.085961 sending message 105 to peer 0x148008000 (24 bytes)
1751222348.085965 sending message 105 to peer 0x148008000 (20 bytes)
1751222348.085969 sending message 105 to peer 0x148008000 (86 bytes)
1751222348.085973 sending message 105 to peer 0x148008000 (119 bytes)
1751222348.085976 sending message 105 to peer 0x148008000 (18 bytes)
1751222348.085980 sending message 105 to peer 0x148008000 (154 bytes)
1751222348.085986 sending message 105 to peer 0x148008000 (14 bytes)
1751222348.085989 sending message 105 to peer 0x148008000 (26 bytes)
1751222348.085993 sending message 105 to peer 0x148008000 (22 bytes)
1751222348.085997 sending message 105 to peer 0x148008000 (19 bytes)
1751222348.086000 sending message 105 to peer 0x148008000 (13 bytes)
1751222348.086004 sending message 105 to peer 0x148008000 (20 bytes)
1751222348.086008 sending message 105 to peer 0x148008000 (35 bytes)
1751222348.086012 sending message 105 to peer 0x148008000 (36 bytes)
1751222348.086016 sending message 105 to peer 0x148008000 (15 bytes)
1751222348.086020 sending message 105 to peer 0x148008000 (76 bytes)
1751222348.086025 sending message 105 to peer 0x148008000 (14 bytes)
1751222348.086029 sending message 105 to peer 0x148008000 (34 bytes)
1751222348.086101 sending message 105 to peer 0x148008000 (82 bytes)
1751222348.086145 sending message 105 to peer 0x148008000 (10 bytes)
1751222348.086158 sending message 105 to peer 0x148008000 (25 bytes)
1751222348.086167 sending message 105 to peer 0x148008000 (8 bytes)
1751222348.086172 sending message 105 to peer 0x148008000 (13 bytes)
1751222348.086178 sending message 105 to peer 0x148008000 (35 bytes)
1751222348.086184 sending message 105 to peer 0x148008000 (57 bytes)
1751222348.086191 sending message 105 to peer 0x148008000 (12 bytes)
1751222348.086195 sending message 105 to peer 0x148008000 (19 bytes)
1751222348.086199 sending message 105 to peer 0x148008000 (31 bytes)
1751222348.086202 sending message 105 to peer 0x148008000 (66 bytes)
1751222348.086209 sending message 105 to peer 0x148008000 (17 bytes)
1751222348.086213 sending message 105 to peer 0x148008000 (19 bytes)
1751222348.086216 sending message 105 to peer 0x148008000 (19 bytes)
1751222348.086220 sending message 105 to peer 0x148008000 (57 bytes)
1751222348.086224 sending message 105 to peer 0x148008000 (200 bytes)
1751222348.086249 sending message 105 to peer 0x148008000 (144 bytes)
1751222348.086257 sending message 105 to peer 0x148008000 (53 bytes)
1751222348.086261 sending message 105 to peer 0x148008000 (42 bytes)
1751222348.086265 sending message 105 to peer 0x148008000 (172 bytes)
1751222348.086272 sending message 106 to peer 0x148008000 (0 bytes)
1751222348.086391 sending message 200 to peer 0x148008000 (4 bytes)
1751222348.086399 client loop enter
1751222348.086770 peer 0x148008000 message 303
1751222348.086779 open write file 2 -
1751222348.086817 sending message 305 to peer 0x148008000 (8 bytes)
1751222348.086833 write check file 2
1751222348.086882 peer 0x148008000 message 304
1751222348.086904 write 58 to file 2
1751222348.086932 peer 0x148008000 message 203
1751222348.086943 file 2 58 bytes left
1751222348.086965 write check file 2
1751222348.086971 client loop exit
